0 info it worked if it ends with ok
1 verbose cli [ '/usr/share/atom/resources/app/apm/bin/node',
1 verbose cli   '/usr/share/atom/resources/app/apm/node_modules/npm/bin/npm-cli.js',
1 verbose cli   'version',
1 verbose cli   'minor',
1 verbose cli   '-m',
1 verbose cli   'Prepare %s release' ]
2 info using npm@3.10.10
3 info using node@v6.9.5
4 info git [ 'status', '--porcelain' ]
5 info lifecycle cyberpunk-syntax@0.5.0~preversion: cyberpunk-syntax@0.5.0
6 silly lifecycle cyberpunk-syntax@0.5.0~preversion: no script for preversion, continuing
7 verbose version.write data { _args:
7 verbose version.write    [ [ [Object],
7 verbose version.write        '/tmp/apm-install-dir-1171019-14715-8c81g7.dsek0ara4i' ] ],
7 verbose version.write   _from: '../d-1171019-14715-1fi5uox.3m9n7sc3di/package.tgz',
7 verbose version.write   _id: 'cyberpunk-syntax@0.4.0',
7 verbose version.write   _inCache: true,
7 verbose version.write   _location: '/cyberpunk-syntax',
7 verbose version.write   _phantomChildren: {},
7 verbose version.write   _requested:
7 verbose version.write    { raw: '/tmp/d-1171019-14715-1fi5uox.3m9n7sc3di/package.tgz',
7 verbose version.write      scope: null,
7 verbose version.write      escapedName: null,
7 verbose version.write      name: null,
7 verbose version.write      rawSpec: '/tmp/d-1171019-14715-1fi5uox.3m9n7sc3di/package.tgz',
7 verbose version.write      spec: '/tmp/d-1171019-14715-1fi5uox.3m9n7sc3di/package.tgz',
7 verbose version.write      type: 'local' },
7 verbose version.write   _requiredBy: [ '#USER' ],
7 verbose version.write   _resolved: 'file:../d-1171019-14715-1fi5uox.3m9n7sc3di/package.tgz',
7 verbose version.write   _shasum: 'd63243d70efe91e0d887c9cf3019400d3ffeb1bf',
7 verbose version.write   _shrinkwrap: null,
7 verbose version.write   _spec: '/tmp/d-1171019-14715-1fi5uox.3m9n7sc3di/package.tgz',
7 verbose version.write   _where: '/tmp/apm-install-dir-1171019-14715-8c81g7.dsek0ara4i',
7 verbose version.write   bugs: { url: 'https://github.com/gilbertohasnofb/cyberpunk-syntax/issues' },
7 verbose version.write   dependencies: {},
7 verbose version.write   description: 'A cyberpunk syntax theme',
7 verbose version.write   devDependencies: {},
7 verbose version.write   engines: { atom: '>= 1.13' },
7 verbose version.write   homepage: 'https://github.com/gilbertohasnofb/cyberpunk-syntax#readme',
7 verbose version.write   name: 'cyberpunk-syntax',
7 verbose version.write   optionalDependencies: {},
7 verbose version.write   readme: '## Cyberpunk theme\n\nA cyberpunk syntax theme for Atom.\n\nInspired by the [Cyberpunk Theme](https://github.com/n3mo/cyberpunk-theme.el) for emacs. The code is based on the [Firewatch Syntax Theme](https://atom.io/themes/firewatch-syntax), and it also uses the blurry neon effect from [Neon Syntax Theme](https://atom.io/themes/neon-syntax).\n\n![cyberpunk-syntax-screenshot](https://user-images.githubusercontent.com/5700795/32997980-e741e3c6-cd8e-11e7-904b-b5024cc5cb9d.png)\n',
7 verbose version.write   readmeFilename: 'README.md',
7 verbose version.write   repository:
7 verbose version.write    { type: 'git',
7 verbose version.write      url: 'https://github.com/gilbertohasnofb/cyberpunk-syntax.git' },
7 verbose version.write   theme: 'syntax',
7 verbose version.write   version: '0.5.0' } to package.json
8 info lifecycle cyberpunk-syntax@0.5.0~version: cyberpunk-syntax@0.5.0
9 silly lifecycle cyberpunk-syntax@0.5.0~version: no script for version, continuing
10 info git [ 'add', '/home/gilberto/git/cyberpunk-syntax/package.json' ]
11 info git [ 'commit', '-m', 'Prepare 0.5.0 release' ]
12 info git [ 'tag', 'v0.5.0', '-am', 'Prepare 0.5.0 release' ]
13 verbose stack Error: Command failed: git tag v0.5.0 -am Prepare 0.5.0 release
13 verbose stack fatal: tag 'v0.5.0' already exists
13 verbose stack
13 verbose stack     at ChildProcess.exithandler (child_process.js:206:12)
13 verbose stack     at emitTwo (events.js:106:13)
13 verbose stack     at ChildProcess.emit (events.js:191:7)
13 verbose stack     at maybeClose (internal/child_process.js:877:16)
13 verbose stack     at Socket.<anonymous> (internal/child_process.js:334:11)
13 verbose stack     at emitOne (events.js:96:13)
13 verbose stack     at Socket.emit (events.js:188:7)
13 verbose stack     at Pipe._handle.close [as _onclose] (net.js:498:12)
14 verbose cwd /home/gilberto/git/cyberpunk-syntax
15 error Linux 4.4.0-45-generic
16 error argv "/usr/share/atom/resources/app/apm/bin/node" "/usr/share/atom/resources/app/apm/node_modules/npm/bin/npm-cli.js" "version" "minor" "-m" "Prepare %s release"
17 error node v6.9.5
18 error npm  v3.10.10
19 error code 128
20 error Command failed: git tag v0.5.0 -am Prepare 0.5.0 release
20 error fatal: tag 'v0.5.0' already exists
21 error If you need help, you may report this error at:
21 error     <https://github.com/npm/npm/issues>
22 verbose exit [ 1, true ]
